<?xml version="1.0" encoding="UTF-8"?>
<testsuite name="test.java.GreeterTest" tests="1" skipped="0" failures="0" errors="0" timestamp="2020-12-29T23:04:39" hostname="nick.local" time="0.012">
  <properties/>
  <testcase name="testThatGreeterReturnsTheCorrectGreeting" classname="test.java.GreeterTest" time="0.012"/>
  <system-out><![CDATA[]]></system-out>
  <system-err><![CDATA[]]></system-err>
</testsuite>
