<?xml version="1.0" encoding="UTF-8"?>
<testsuite name="test.java.TwoferTest" tests="4" skipped="0" failures="0" errors="0" timestamp="2020-12-29T23:17:23" hostname="nick.local" time="0.057">
  <properties/>
  <testcase name="noNameGiven" classname="test.java.TwoferTest" time="0.052"/>
  <testcase name="emptyStringIsNotTheSameAsNull" classname="test.java.TwoferTest" time="0.001"/>
  <testcase name="aNameGiven" classname="test.java.TwoferTest" time="0.002"/>
  <testcase name="anotherNameGiven" classname="test.java.TwoferTest" time="0.0"/>
  <system-out><![CDATA[]]></system-out>
  <system-err><![CDATA[]]></system-err>
</testsuite>
