<?xml version="1.0" encoding="UTF-8"?>
<testsuite name="test.java.ResistorColorDuoTest" tests="5" skipped="0" failures="0" errors="0" timestamp="2020-12-31T17:44:59" hostname="nick.local" time="0.005">
  <properties/>
  <testcase name="testBrownAndBlack" classname="test.java.ResistorColorDuoTest" time="0.003"/>
  <testcase name="testBlueAndGrey" classname="test.java.ResistorColorDuoTest" time="0.0"/>
  <testcase name="testOrangeAndOrange" classname="test.java.ResistorColorDuoTest" time="0.001"/>
  <testcase name="testYellowAndViolet" classname="test.java.ResistorColorDuoTest" time="0.0"/>
  <testcase name="testIgnoreAdditionalColors" classname="test.java.ResistorColorDuoTest" time="0.001"/>
  <system-out><![CDATA[]]></system-out>
  <system-err><![CDATA[]]></system-err>
</testsuite>
