<?xml version="1.0" encoding="UTF-8"?>
<testsuite name="test.java.RnaTranscriptionTest" tests="6" skipped="0" failures="0" errors="0" timestamp="2020-12-31T22:33:16" hostname="nick.local" time="0.005">
  <properties/>
  <testcase name="testRnaTranscriptionOfThymineIsAdenine" classname="test.java.RnaTranscriptionTest" time="0.002"/>
  <testcase name="testRnaTranscription" classname="test.java.RnaTranscriptionTest" time="0.0"/>
  <testcase name="testRnaTranscriptionOfCytosineIsGuanine" classname="test.java.RnaTranscriptionTest" time="0.001"/>
  <testcase name="testEmptyRnaSequence" classname="test.java.RnaTranscriptionTest" time="0.0"/>
  <testcase name="testRnaTranscriptionOfGuanineIsCytosine" classname="test.java.RnaTranscriptionTest" time="0.001"/>
  <testcase name="testRnaTranscriptionOfAdenineIsUracil" classname="test.java.RnaTranscriptionTest" time="0.0"/>
  <system-out><![CDATA[]]></system-out>
  <system-err><![CDATA[]]></system-err>
</testsuite>
