<?xml version="1.0" encoding="UTF-8"?>
<testsuite name="test.java.LeapTest" tests="9" skipped="0" failures="0" errors="0" timestamp="2020-12-31T22:15:26" hostname="nick.local" time="0.013">
  <properties/>
  <testcase name="testYearDivBy100NotDivBy3IsNotLeapYear" classname="test.java.LeapTest" time="0.009"/>
  <testcase name="testYearDivBy2NotDivBy4InCommonYear" classname="test.java.LeapTest" time="0.0"/>
  <testcase name="testYearDivBy400InLeapYear" classname="test.java.LeapTest" time="0.0"/>
  <testcase name="testYearNotDivBy4InCommonYear" classname="test.java.LeapTest" time="0.0"/>
  <testcase name="testYearDivBy4NotDivBy100InLeapYear" classname="test.java.LeapTest" time="0.0"/>
  <testcase name="testYearDivBy400NotDivBy125IsLeapYear" classname="test.java.LeapTest" time="0.001"/>
  <testcase name="testYearDivBy100NotDivBy400InCommonYear" classname="test.java.LeapTest" time="0.0"/>
  <testcase name="testYearDivBy200NotDivBy400InCommonYear" classname="test.java.LeapTest" time="0.0"/>
  <testcase name="testYearDivBy4And5InLeapYear" classname="test.java.LeapTest" time="0.0"/>
  <system-out><![CDATA[]]></system-out>
  <system-err><![CDATA[]]></system-err>
</testsuite>
